--- Copying files at Mon Oct 11 15:27:12 UTC 2021
--- Copying files at Sat Nov 20 12:40:48 UTC 2021
--- Copying files at Sat Jun 18 12:06:30 UTC 2022
--- Copying files at Sat Jun 18 12:19:53 UTC 2022
--- Copying files at Sat Jun 18 12:24:02 UTC 2022
--- Copying files at Sat Jun 18 12:25:36 UTC 2022
--- Copying files at Sat Jun 18 12:40:39 UTC 2022
--- Copying files at Sat Jun 18 12:45:13 UTC 2022
--- Copying files at Sat Jun 18 12:46:55 UTC 2022
--- Copying files at Sat Jun 18 12:52:33 UTC 2022
--- Copying files at Sun Sep  4 16:14:31 UTC 2022
--- Copying files at Sun Sep  4 16:18:24 UTC 2022
--- Copying files at Tue Sep  6 17:48:35 UTC 2022
--- Copying files at Tue Sep  6 17:56:33 UTC 2022
--- Copying files at Tue Sep  6 18:07:31 UTC 2022
--- Copying files at Tue Sep  6 18:09:52 UTC 2022
--- Copying files at Tue Sep  6 18:14:58 UTC 2022
--- Copying files at Tue Sep  6 18:24:29 UTC 2022
--- Copying files at Wed Sep 14 20:56:41 UTC 2022
--- Copying files at Wed Sep 14 20:59:53 UTC 2022
--- Copying files at Wed Sep 14 23:26:46 UTC 2022
--- Copying files at Wed Sep 14 23:35:35 UTC 2022
--- Copying files at Fri Sep 16 17:11:17 UTC 2022
--- Copying files at Fri Sep 16 15:14:14 UTC 2022
--- Copying files at Fri Sep 16 15:16:38 UTC 2022
--- Copying files at Fri Sep 16 15:54:33 UTC 2022
--- Copying files at Fri Sep 16 16:30:16 UTC 2022
--- Copying files at Fri Sep 16 16:45:02 UTC 2022
--- Copying files at Fri Sep 16 17:14:36 UTC 2022
--- Copying files at Fri Sep 16 17:16:44 UTC 2022
--- Copying files at Wed Sep 21 19:08:29 UTC 2022
--- Copying files at Wed Sep 21 19:31:24 UTC 2022
--- Copying files at Wed Sep 21 20:21:48 UTC 2022
--- Copying files at Wed Sep 21 22:13:44 UTC 2022
--- Copying files at Sat Oct  1 19:11:30 UTC 2022
--- Copying files at Sat Oct  1 19:43:12 UTC 2022
--- Copying files at Sat Oct  1 20:14:38 UTC 2022
--- Copying files at Sat Oct  1 20:21:02 UTC 2022
--- Copying files at Sat Oct  1 21:07:01 UTC 2022
